01:39:53,239  INFO Version:37 - Hibernate Commons Annotations 3.2.0.Final
01:39:53,247  INFO Environment:603 - Hibernate 3.6.10.Final
01:39:53,248  INFO Environment:636 - hibernate.properties not found
01:39:53,252  INFO Environment:814 - Bytecode provider name : javassist
01:39:53,255  INFO Environment:695 - using JDK 1.4 java.sql.Timestamp handling
01:39:53,307  INFO Configuration:2156 - configuring from resource: /hibernate.cfg.xml
01:39:53,308  INFO Configuration:2175 - Configuration resource: /hibernate.cfg.xml
01:39:53,385  INFO Configuration:2297 - Configured SessionFactory: null
01:39:53,430  INFO Configuration:1676 - Hibernate Validator not found: ignoring
01:39:53,439  INFO HibernateSearchEventListenerRegister:75 - Unable to find org.hibernate.search.event.FullTextIndexEventListener on the classpath. Hibernate Search is not enabled.
01:39:53,442  INFO ConnectionProviderFactory:173 - Initializing connection provider: org.hibernate.connection.C3P0ConnectionProvider
01:39:53,444  INFO C3P0ConnectionProvider:103 - C3P0 using driver: com.mysql.jdbc.Driver at URL: jdbc:mysql://localhost:3306/hiber_day04
01:39:53,444  INFO C3P0ConnectionProvider:104 - Connection properties: {user=root, password=****}
01:39:53,444  INFO C3P0ConnectionProvider:107 - autocommit mode: false
01:39:53,462  INFO MLog:80 - MLog clients using log4j logging.
01:39:53,585  INFO C3P0Registry:204 - Initializing c3p0-0.9.1.2 [built 21-May-2007 15:04:56; debug? true; trace: 10]
01:39:53,651  INFO AbstractPoolBackedDataSource:462 - Initializing c3p0 pool... com.mchange.v2.c3p0.PoolBackedDataSource@bea248b6 [ connectionPoolDataSource -> com.mchange.v2.c3p0.WrapperConnectionPoolDataSource@ba69e522 [ acquireIncrement -> 3, acquireRetryAttempts -> 30, acquireRetryDelay -> 1000, autoCommitOnClose -> false, automaticTestTable -> null, breakAfterAcquireFailure -> false, checkoutTimeout -> 0, connectionCustomizerClassName -> null, connectionTesterClassName -> com.mchange.v2.c3p0.impl.DefaultConnectionTester, debugUnreturnedConnectionStackTraces -> false, factoryClassLocation -> null, forceIgnoreUnresolvedTransactions -> false, identityToken -> 1hgff9d9q1r2ntp01w0stgy|22d4f0, idleConnectionTestPeriod -> 0, initialPoolSize -> 2, maxAdministrativeTaskTime -> 0, maxConnectionAge -> 0, maxIdleTime -> 0, maxIdleTimeExcessConnections -> 0, maxPoolSize -> 5, maxStatements -> 0, maxStatementsPerConnection -> 0, minPoolSize -> 2, nestedDataSource -> com.mchange.v2.c3p0.DriverManagerDataSource@627320ad [ description -> null, driverClass -> null, factoryClassLocation -> null, identityToken -> 1hgff9d9q1r2ntp01w0stgy|dbd984, jdbcUrl -> jdbc:mysql://localhost:3306/hiber_day04, properties -> {user=******, password=******} ], preferredTestQuery -> null, propertyCycle -> 0, testConnectionOnCheckin -> false, testConnectionOnCheckout -> false, unreturnedConnectionTimeout -> 0, usesTraditionalReflectiveProxies -> false; userOverrides: {} ], dataSourceName -> null, factoryClassLocation -> null, identityToken -> 1hgff9d9q1r2ntp01w0stgy|190949b, numHelperThreads -> 3 ]
01:39:53,833  INFO Dialect:136 - Using dialect: org.hibernate.dialect.MySQLDialect
01:39:53,840  INFO JdbcSupportLoader:79 - Disabling contextual LOB creation as JDBC driver reported JDBC version [3] less than 4
01:39:53,840  INFO SettingsFactory:126 - Database ->
       name : MySQL
    version : 5.5.27
      major : 5
      minor : 5
01:39:53,840  INFO SettingsFactory:132 - Driver ->
       name : MySQL-AB JDBC Driver
    version : mysql-connector-java-5.0.8 ( Revision: ${svn.Revision} )
      major : 5
      minor : 0
01:39:53,842  INFO TransactionFactoryFactory:62 - Using default transaction strategy (direct JDBC transactions)
01:39:53,843  INFO TransactionManagerLookupFactory:83 - No TransactionManagerLookup configured (in JTA environment, use of read-write or transactional second-level cache is not recommended)
01:39:53,843  INFO SettingsFactory:179 - Automatic flush during beforeCompletion(): disabled
01:39:53,843  INFO SettingsFactory:183 - Automatic session close at end of transaction: disabled
01:39:53,843  INFO SettingsFactory:190 - JDBC batch size: 15
01:39:53,843  INFO SettingsFactory:193 - JDBC batch updates for versioned data: disabled
01:39:53,844  INFO SettingsFactory:198 - Scrollable result sets: enabled
01:39:53,844  INFO SettingsFactory:206 - JDBC3 getGeneratedKeys(): enabled
01:39:53,844  INFO SettingsFactory:214 - Connection release mode: auto
01:39:53,844  INFO SettingsFactory:238 - Maximum outer join fetch depth: 2
01:39:53,845  INFO SettingsFactory:241 - Default batch fetch size: 1
01:39:53,845  INFO SettingsFactory:245 - Generate SQL with comments: disabled
01:39:53,845  INFO SettingsFactory:249 - Order SQL updates by primary key: disabled
01:39:53,845  INFO SettingsFactory:253 - Order SQL inserts for batching: disabled
01:39:53,845  INFO SettingsFactory:431 - Query translator: org.hibernate.hql.ast.ASTQueryTranslatorFactory
01:39:53,846  INFO ASTQueryTranslatorFactory:47 - Using ASTQueryTranslatorFactory
01:39:53,846  INFO SettingsFactory:261 - Query language substitutions: {}
01:39:53,847  INFO SettingsFactory:266 - JPA-QL strict compliance: disabled
01:39:53,847  INFO SettingsFactory:271 - Second-level cache: enabled
01:39:53,847  INFO SettingsFactory:275 - Query cache: disabled
01:39:53,847  INFO SettingsFactory:406 - Cache region factory : org.hibernate.cache.impl.NoCachingRegionFactory
01:39:53,848  INFO SettingsFactory:285 - Optimize cache for minimal puts: disabled
01:39:53,848  INFO SettingsFactory:294 - Structured second-level cache entries: disabled
01:39:53,850  INFO SettingsFactory:314 - Echoing all SQL to stdout
01:39:53,851  INFO SettingsFactory:323 - Statistics: disabled
01:39:53,851  INFO SettingsFactory:327 - Deleted entity synthetic identifier rollback: disabled
01:39:53,851  INFO SettingsFactory:343 - Default entity-mode: pojo
01:39:53,851  INFO SettingsFactory:347 - Named query checking : enabled
01:39:53,851  INFO SettingsFactory:351 - Check Nullability in Core (should be disabled when Bean Validation is on): enabled
01:39:53,868  INFO SessionFactoryImpl:202 - building session factory
01:39:53,873  INFO BasicTypeRegistry:150 - Type registration [characters_clob] overrides previous : org.hibernate.type.PrimitiveCharacterArrayClobType@1f14b06
01:39:53,873  INFO BasicTypeRegistry:150 - Type registration [blob] overrides previous : org.hibernate.type.BlobType@74af4d
01:39:53,873  INFO BasicTypeRegistry:150 - Type registration [java.sql.Blob] overrides previous : org.hibernate.type.BlobType@74af4d
01:39:53,874  INFO BasicTypeRegistry:150 - Type registration [wrapper_materialized_blob] overrides previous : org.hibernate.type.WrappedMaterializedBlobType@a12810
01:39:53,874  INFO BasicTypeRegistry:150 - Type registration [clob] overrides previous : org.hibernate.type.ClobType@4d5bcb
01:39:53,874  INFO BasicTypeRegistry:150 - Type registration [java.sql.Clob] overrides previous : org.hibernate.type.ClobType@4d5bcb
01:39:53,874  INFO BasicTypeRegistry:150 - Type registration [materialized_blob] overrides previous : org.hibernate.type.MaterializedBlobType@c56ea1
01:39:53,874  INFO BasicTypeRegistry:150 - Type registration [wrapper_characters_clob] overrides previous : org.hibernate.type.CharacterArrayClobType@1e246e4
01:39:53,874  INFO BasicTypeRegistry:150 - Type registration [materialized_clob] overrides previous : org.hibernate.type.MaterializedClobType@9c6453
01:39:53,884  INFO SessionFactoryObjectFactory:105 - Not binding factory to JNDI, no JNDI name configured
01:39:53,888  INFO SchemaUpdate:155 - Running hbm2ddl schema update
01:39:53,888  INFO SchemaUpdate:167 - fetching database metadata
01:39:53,892  INFO SchemaUpdate:179 - updating schema
01:39:53,893  INFO SchemaUpdate:217 - schema update complete
01:39:53,933  INFO SessionFactoryImpl:927 - closing
01:40:19,219  INFO Version:37 - Hibernate Commons Annotations 3.2.0.Final
01:40:19,225  INFO Environment:603 - Hibernate 3.6.10.Final
01:40:19,226  INFO Environment:636 - hibernate.properties not found
01:40:19,229  INFO Environment:814 - Bytecode provider name : javassist
01:40:19,231  INFO Environment:695 - using JDK 1.4 java.sql.Timestamp handling
01:40:19,278  INFO Configuration:2156 - configuring from resource: /hibernate.cfg.xml
01:40:19,278  INFO Configuration:2175 - Configuration resource: /hibernate.cfg.xml
01:40:19,340  INFO Configuration:2297 - Configured SessionFactory: null
01:40:19,374  INFO Configuration:1676 - Hibernate Validator not found: ignoring
01:40:19,382  INFO HibernateSearchEventListenerRegister:75 - Unable to find org.hibernate.search.event.FullTextIndexEventListener on the classpath. Hibernate Search is not enabled.
01:40:19,386  INFO ConnectionProviderFactory:173 - Initializing connection provider: org.hibernate.connection.C3P0ConnectionProvider
01:40:19,387  INFO C3P0ConnectionProvider:103 - C3P0 using driver: com.mysql.jdbc.Driver at URL: jdbc:mysql://localhost:3306/hiber_day04
01:40:19,388  INFO C3P0ConnectionProvider:104 - Connection properties: {user=root, password=****}
01:40:19,388  INFO C3P0ConnectionProvider:107 - autocommit mode: false
01:40:19,409  INFO MLog:80 - MLog clients using log4j logging.
01:40:19,534  INFO C3P0Registry:204 - Initializing c3p0-0.9.1.2 [built 21-May-2007 15:04:56; debug? true; trace: 10]
01:40:19,596  INFO AbstractPoolBackedDataSource:462 - Initializing c3p0 pool... com.mchange.v2.c3p0.PoolBackedDataSource@a334ae18 [ connectionPoolDataSource -> com.mchange.v2.c3p0.WrapperConnectionPoolDataSource@2d244b80 [ acquireIncrement -> 3, acquireRetryAttempts -> 30, acquireRetryDelay -> 1000, autoCommitOnClose -> false, automaticTestTable -> null, breakAfterAcquireFailure -> false, checkoutTimeout -> 0, connectionCustomizerClassName -> null, connectionTesterClassName -> com.mchange.v2.c3p0.impl.DefaultConnectionTester, debugUnreturnedConnectionStackTraces -> false, factoryClassLocation -> null, forceIgnoreUnresolvedTransactions -> false, identityToken -> 1hgff9d9q1r2odq03s7qn9|22d4f0, idleConnectionTestPeriod -> 0, initialPoolSize -> 2, maxAdministrativeTaskTime -> 0, maxConnectionAge -> 0, maxIdleTime -> 0, maxIdleTimeExcessConnections -> 0, maxPoolSize -> 5, maxStatements -> 0, maxStatementsPerConnection -> 0, minPoolSize -> 2, nestedDataSource -> com.mchange.v2.c3p0.DriverManagerDataSource@d52d870b [ description -> null, driverClass -> null, factoryClassLocation -> null, identityToken -> 1hgff9d9q1r2odq03s7qn9|dbd984, jdbcUrl -> jdbc:mysql://localhost:3306/hiber_day04, properties -> {user=******, password=******} ], preferredTestQuery -> null, propertyCycle -> 0, testConnectionOnCheckin -> false, testConnectionOnCheckout -> false, unreturnedConnectionTimeout -> 0, usesTraditionalReflectiveProxies -> false; userOverrides: {} ], dataSourceName -> null, factoryClassLocation -> null, identityToken -> 1hgff9d9q1r2odq03s7qn9|190949b, numHelperThreads -> 3 ]
01:40:19,782  INFO Dialect:136 - Using dialect: org.hibernate.dialect.MySQLDialect
01:40:19,788  INFO JdbcSupportLoader:79 - Disabling contextual LOB creation as JDBC driver reported JDBC version [3] less than 4
01:40:19,789  INFO SettingsFactory:126 - Database ->
       name : MySQL
    version : 5.5.27
      major : 5
      minor : 5
01:40:19,789  INFO SettingsFactory:132 - Driver ->
       name : MySQL-AB JDBC Driver
    version : mysql-connector-java-5.0.8 ( Revision: ${svn.Revision} )
      major : 5
      minor : 0
01:40:19,791  INFO TransactionFactoryFactory:62 - Using default transaction strategy (direct JDBC transactions)
01:40:19,792  INFO TransactionManagerLookupFactory:83 - No TransactionManagerLookup configured (in JTA environment, use of read-write or transactional second-level cache is not recommended)
01:40:19,792  INFO SettingsFactory:179 - Automatic flush during beforeCompletion(): disabled
01:40:19,792  INFO SettingsFactory:183 - Automatic session close at end of transaction: disabled
01:40:19,792  INFO SettingsFactory:190 - JDBC batch size: 15
01:40:19,793  INFO SettingsFactory:193 - JDBC batch updates for versioned data: disabled
01:40:19,793  INFO SettingsFactory:198 - Scrollable result sets: enabled
01:40:19,793  INFO SettingsFactory:206 - JDBC3 getGeneratedKeys(): enabled
01:40:19,793  INFO SettingsFactory:214 - Connection release mode: auto
01:40:19,794  INFO SettingsFactory:238 - Maximum outer join fetch depth: 2
01:40:19,794  INFO SettingsFactory:241 - Default batch fetch size: 1
01:40:19,794  INFO SettingsFactory:245 - Generate SQL with comments: disabled
01:40:19,794  INFO SettingsFactory:249 - Order SQL updates by primary key: disabled
01:40:19,795  INFO SettingsFactory:253 - Order SQL inserts for batching: disabled
01:40:19,795  INFO SettingsFactory:431 - Query translator: org.hibernate.hql.ast.ASTQueryTranslatorFactory
01:40:19,796  INFO ASTQueryTranslatorFactory:47 - Using ASTQueryTranslatorFactory
01:40:19,796  INFO SettingsFactory:261 - Query language substitutions: {}
01:40:19,796  INFO SettingsFactory:266 - JPA-QL strict compliance: disabled
01:40:19,796  INFO SettingsFactory:271 - Second-level cache: enabled
01:40:19,797  INFO SettingsFactory:275 - Query cache: disabled
01:40:19,797  INFO SettingsFactory:406 - Cache region factory : org.hibernate.cache.impl.NoCachingRegionFactory
01:40:19,797  INFO SettingsFactory:285 - Optimize cache for minimal puts: disabled
01:40:19,798  INFO SettingsFactory:294 - Structured second-level cache entries: disabled
01:40:19,800  INFO SettingsFactory:314 - Echoing all SQL to stdout
01:40:19,801  INFO SettingsFactory:323 - Statistics: disabled
01:40:19,801  INFO SettingsFactory:327 - Deleted entity synthetic identifier rollback: disabled
01:40:19,801  INFO SettingsFactory:343 - Default entity-mode: pojo
01:40:19,801  INFO SettingsFactory:347 - Named query checking : enabled
01:40:19,801  INFO SettingsFactory:351 - Check Nullability in Core (should be disabled when Bean Validation is on): enabled
01:40:19,818  INFO SessionFactoryImpl:202 - building session factory
01:40:19,822  INFO BasicTypeRegistry:150 - Type registration [wrapper_materialized_blob] overrides previous : org.hibernate.type.WrappedMaterializedBlobType@a909c7
01:40:19,822  INFO BasicTypeRegistry:150 - Type registration [materialized_blob] overrides previous : org.hibernate.type.MaterializedBlobType@1c107f4
01:40:19,822  INFO BasicTypeRegistry:150 - Type registration [materialized_clob] overrides previous : org.hibernate.type.MaterializedClobType@1f14b06
01:40:19,823  INFO BasicTypeRegistry:150 - Type registration [blob] overrides previous : org.hibernate.type.BlobType@74af4d
01:40:19,823  INFO BasicTypeRegistry:150 - Type registration [java.sql.Blob] overrides previous : org.hibernate.type.BlobType@74af4d
01:40:19,823  INFO BasicTypeRegistry:150 - Type registration [wrapper_characters_clob] overrides previous : org.hibernate.type.CharacterArrayClobType@a12810
01:40:19,823  INFO BasicTypeRegistry:150 - Type registration [clob] overrides previous : org.hibernate.type.ClobType@4d5bcb
01:40:19,823  INFO BasicTypeRegistry:150 - Type registration [java.sql.Clob] overrides previous : org.hibernate.type.ClobType@4d5bcb
01:40:19,823  INFO BasicTypeRegistry:150 - Type registration [characters_clob] overrides previous : org.hibernate.type.PrimitiveCharacterArrayClobType@c56ea1
01:40:19,833  INFO SessionFactoryObjectFactory:105 - Not binding factory to JNDI, no JNDI name configured
01:40:19,837  INFO SchemaUpdate:155 - Running hbm2ddl schema update
01:40:19,837  INFO SchemaUpdate:167 - fetching database metadata
01:40:19,840  INFO SchemaUpdate:179 - updating schema
01:40:19,842  INFO SchemaUpdate:217 - schema update complete
01:40:19,881  INFO SessionFactoryImpl:927 - closing
01:40:35,793  INFO Version:37 - Hibernate Commons Annotations 3.2.0.Final
01:40:35,799  INFO Environment:603 - Hibernate 3.6.10.Final
01:40:35,801  INFO Environment:636 - hibernate.properties not found
01:40:35,803  INFO Environment:814 - Bytecode provider name : javassist
01:40:35,805  INFO Environment:695 - using JDK 1.4 java.sql.Timestamp handling
01:40:35,858  INFO Configuration:2156 - configuring from resource: /hibernate.cfg.xml
01:40:35,858  INFO Configuration:2175 - Configuration resource: /hibernate.cfg.xml
01:40:35,913  INFO Configuration:2297 - Configured SessionFactory: null
01:40:35,942  INFO Configuration:1676 - Hibernate Validator not found: ignoring
01:40:35,949  INFO HibernateSearchEventListenerRegister:75 - Unable to find org.hibernate.search.event.FullTextIndexEventListener on the classpath. Hibernate Search is not enabled.
01:40:35,951  INFO ConnectionProviderFactory:173 - Initializing connection provider: org.hibernate.connection.C3P0ConnectionProvider
01:40:35,952  INFO C3P0ConnectionProvider:103 - C3P0 using driver: com.mysql.jdbc.Driver at URL: jdbc:mysql://localhost:3306/hiber_day04
01:40:35,952  INFO C3P0ConnectionProvider:104 - Connection properties: {user=root, password=****}
01:40:35,953  INFO C3P0ConnectionProvider:107 - autocommit mode: false
01:40:35,967  INFO MLog:80 - MLog clients using log4j logging.
01:40:36,082  INFO C3P0Registry:204 - Initializing c3p0-0.9.1.2 [built 21-May-2007 15:04:56; debug? true; trace: 10]
01:40:36,144  INFO AbstractPoolBackedDataSource:462 - Initializing c3p0 pool... com.mchange.v2.c3p0.PoolBackedDataSource@9c819fd5 [ connectionPoolDataSource -> com.mchange.v2.c3p0.WrapperConnectionPoolDataSource@9c68694a [ acquireIncrement -> 3, acquireRetryAttempts -> 30, acquireRetryDelay -> 1000, autoCommitOnClose -> false, automaticTestTable -> null, breakAfterAcquireFailure -> false, checkoutTimeout -> 0, connectionCustomizerClassName -> null, connectionTesterClassName -> com.mchange.v2.c3p0.impl.DefaultConnectionTester, debugUnreturnedConnectionStackTraces -> false, factoryClassLocation -> null, forceIgnoreUnresolvedTransactions -> false, identityToken -> 1hgff9d9q1r2oqhp1cncaoz|137ab64, idleConnectionTestPeriod -> 0, initialPoolSize -> 2, maxAdministrativeTaskTime -> 0, maxConnectionAge -> 0, maxIdleTime -> 0, maxIdleTimeExcessConnections -> 0, maxPoolSize -> 5, maxStatements -> 0, maxStatementsPerConnection -> 0, minPoolSize -> 2, nestedDataSource -> com.mchange.v2.c3p0.DriverManagerDataSource@54050230 [ description -> null, driverClass -> null, factoryClassLocation -> null, identityToken -> 1hgff9d9q1r2oqhp1cncaoz|bb02e3, jdbcUrl -> jdbc:mysql://localhost:3306/hiber_day04, properties -> {user=******, password=******} ], preferredTestQuery -> null, propertyCycle -> 0, testConnectionOnCheckin -> false, testConnectionOnCheckout -> false, unreturnedConnectionTimeout -> 0, usesTraditionalReflectiveProxies -> false; userOverrides: {} ], dataSourceName -> null, factoryClassLocation -> null, identityToken -> 1hgff9d9q1r2oqhp1cncaoz|9454b3, numHelperThreads -> 3 ]
01:40:36,398  INFO Dialect:136 - Using dialect: org.hibernate.dialect.MySQLDialect
01:40:36,405  INFO JdbcSupportLoader:79 - Disabling contextual LOB creation as JDBC driver reported JDBC version [3] less than 4
01:40:36,405  INFO SettingsFactory:126 - Database ->
       name : MySQL
    version : 5.5.27
      major : 5
      minor : 5
01:40:36,405  INFO SettingsFactory:132 - Driver ->
       name : MySQL-AB JDBC Driver
    version : mysql-connector-java-5.0.8 ( Revision: ${svn.Revision} )
      major : 5
      minor : 0
01:40:36,407  INFO TransactionFactoryFactory:62 - Using default transaction strategy (direct JDBC transactions)
01:40:36,408  INFO TransactionManagerLookupFactory:83 - No TransactionManagerLookup configured (in JTA environment, use of read-write or transactional second-level cache is not recommended)
01:40:36,408  INFO SettingsFactory:179 - Automatic flush during beforeCompletion(): disabled
01:40:36,408  INFO SettingsFactory:183 - Automatic session close at end of transaction: disabled
01:40:36,408  INFO SettingsFactory:190 - JDBC batch size: 15
01:40:36,408  INFO SettingsFactory:193 - JDBC batch updates for versioned data: disabled
01:40:36,409  INFO SettingsFactory:198 - Scrollable result sets: enabled
01:40:36,409  INFO SettingsFactory:206 - JDBC3 getGeneratedKeys(): enabled
01:40:36,409  INFO SettingsFactory:214 - Connection release mode: auto
01:40:36,409  INFO SettingsFactory:238 - Maximum outer join fetch depth: 2
01:40:36,410  INFO SettingsFactory:241 - Default batch fetch size: 1
01:40:36,410  INFO SettingsFactory:245 - Generate SQL with comments: disabled
01:40:36,410  INFO SettingsFactory:249 - Order SQL updates by primary key: disabled
01:40:36,410  INFO SettingsFactory:253 - Order SQL inserts for batching: disabled
01:40:36,410  INFO SettingsFactory:431 - Query translator: org.hibernate.hql.ast.ASTQueryTranslatorFactory
01:40:36,411  INFO ASTQueryTranslatorFactory:47 - Using ASTQueryTranslatorFactory
01:40:36,411  INFO SettingsFactory:261 - Query language substitutions: {}
01:40:36,411  INFO SettingsFactory:266 - JPA-QL strict compliance: disabled
01:40:36,412  INFO SettingsFactory:271 - Second-level cache: enabled
01:40:36,412  INFO SettingsFactory:275 - Query cache: disabled
01:40:36,412  INFO SettingsFactory:406 - Cache region factory : org.hibernate.cache.impl.NoCachingRegionFactory
01:40:36,412  INFO SettingsFactory:285 - Optimize cache for minimal puts: disabled
01:40:36,412  INFO SettingsFactory:294 - Structured second-level cache entries: disabled
01:40:36,415  INFO SettingsFactory:314 - Echoing all SQL to stdout
01:40:36,416  INFO SettingsFactory:323 - Statistics: disabled
01:40:36,416  INFO SettingsFactory:327 - Deleted entity synthetic identifier rollback: disabled
01:40:36,416  INFO SettingsFactory:343 - Default entity-mode: pojo
01:40:36,416  INFO SettingsFactory:347 - Named query checking : enabled
01:40:36,416  INFO SettingsFactory:351 - Check Nullability in Core (should be disabled when Bean Validation is on): enabled
01:40:36,433  INFO SessionFactoryImpl:202 - building session factory
01:40:36,438  INFO BasicTypeRegistry:150 - Type registration [wrapper_characters_clob] overrides previous : org.hibernate.type.CharacterArrayClobType@167460a
01:40:36,438  INFO BasicTypeRegistry:150 - Type registration [materialized_blob] overrides previous : org.hibernate.type.MaterializedBlobType@1275e1e
01:40:36,438  INFO BasicTypeRegistry:150 - Type registration [materialized_clob] overrides previous : org.hibernate.type.MaterializedClobType@19444c9
01:40:36,438  INFO BasicTypeRegistry:150 - Type registration [wrapper_materialized_blob] overrides previous : org.hibernate.type.WrappedMaterializedBlobType@1302260
01:40:36,438  INFO BasicTypeRegistry:150 - Type registration [characters_clob] overrides previous : org.hibernate.type.PrimitiveCharacterArrayClobType@120ec02
01:40:36,438  INFO BasicTypeRegistry:150 - Type registration [clob] overrides previous : org.hibernate.type.ClobType@668952
01:40:36,438  INFO BasicTypeRegistry:150 - Type registration [java.sql.Clob] overrides previous : org.hibernate.type.ClobType@668952
01:40:36,438  INFO BasicTypeRegistry:150 - Type registration [blob] overrides previous : org.hibernate.type.BlobType@1c18a99
01:40:36,438  INFO BasicTypeRegistry:150 - Type registration [java.sql.Blob] overrides previous : org.hibernate.type.BlobType@1c18a99
01:40:36,448  INFO SessionFactoryObjectFactory:105 - Not binding factory to JNDI, no JNDI name configured
01:40:36,452  INFO SchemaUpdate:155 - Running hbm2ddl schema update
01:40:36,452  INFO SchemaUpdate:167 - fetching database metadata
01:40:36,455  INFO SchemaUpdate:179 - updating schema
01:40:36,456  INFO SchemaUpdate:217 - schema update complete
01:40:36,495  INFO SessionFactoryImpl:927 - closing
01:46:29,406  INFO Version:37 - Hibernate Commons Annotations 3.2.0.Final
01:46:29,413  INFO Environment:603 - Hibernate 3.6.10.Final
01:46:29,414  INFO Environment:636 - hibernate.properties not found
01:46:29,417  INFO Environment:814 - Bytecode provider name : javassist
01:46:29,419  INFO Environment:695 - using JDK 1.4 java.sql.Timestamp handling
01:46:29,471  INFO Configuration:2156 - configuring from resource: /hibernate.cfg.xml
01:46:29,471  INFO Configuration:2175 - Configuration resource: /hibernate.cfg.xml
01:46:29,529  INFO Configuration:789 - Reading mappings from resource : com/domain/Customer.hbm.xml
01:46:29,769  INFO Configuration:789 - Reading mappings from resource : com/domain/Order.hbm.xml
01:46:29,781  INFO Configuration:2297 - Configured SessionFactory: null
01:46:29,825  INFO HbmBinder:353 - Mapping class: com.domain.Customer -> t_customer
01:46:29,846  INFO HbmBinder:353 - Mapping class: com.domain.Order -> t_order
01:46:29,851  INFO HbmBinder:2508 - Mapping collection: com.domain.Customer.orders -> t_order
01:46:29,852  INFO Configuration:1676 - Hibernate Validator not found: ignoring
01:46:29,855  INFO HibernateSearchEventListenerRegister:75 - Unable to find org.hibernate.search.event.FullTextIndexEventListener on the classpath. Hibernate Search is not enabled.
01:46:29,859  INFO ConnectionProviderFactory:173 - Initializing connection provider: org.hibernate.connection.C3P0ConnectionProvider
01:46:29,862  INFO C3P0ConnectionProvider:103 - C3P0 using driver: com.mysql.jdbc.Driver at URL: jdbc:mysql://localhost:3306/hiber_day04
01:46:29,862  INFO C3P0ConnectionProvider:104 - Connection properties: {user=root, password=****}
01:46:29,862  INFO C3P0ConnectionProvider:107 - autocommit mode: false
01:46:29,877  INFO MLog:80 - MLog clients using log4j logging.
01:46:30,012  INFO C3P0Registry:204 - Initializing c3p0-0.9.1.2 [built 21-May-2007 15:04:56; debug? true; trace: 10]
01:46:30,070  INFO AbstractPoolBackedDataSource:462 - Initializing c3p0 pool... com.mchange.v2.c3p0.PoolBackedDataSource@9edf4460 [ connectionPoolDataSource -> com.mchange.v2.c3p0.WrapperConnectionPoolDataSource@9322c4ca [ acquireIncrement -> 3, acquireRetryAttempts -> 30, acquireRetryDelay -> 1000, autoCommitOnClose -> false, automaticTestTable -> null, breakAfterAcquireFailure -> false, checkoutTimeout -> 0, connectionCustomizerClassName -> null, connectionTesterClassName -> com.mchange.v2.c3p0.impl.DefaultConnectionTester, debugUnreturnedConnectionStackTraces -> false, factoryClassLocation -> null, forceIgnoreUnresolvedTransactions -> false, identityToken -> 1hgff9d9q1r2wbkj7i1d2o|1738f8d, idleConnectionTestPeriod -> 0, initialPoolSize -> 2, maxAdministrativeTaskTime -> 0, maxConnectionAge -> 0, maxIdleTime -> 0, maxIdleTimeExcessConnections -> 0, maxPoolSize -> 5, maxStatements -> 0, maxStatementsPerConnection -> 0, minPoolSize -> 2, nestedDataSource -> com.mchange.v2.c3p0.DriverManagerDataSource@99b1e01f [ description -> null, driverClass -> null, factoryClassLocation -> null, identityToken -> 1hgff9d9q1r2wbkj7i1d2o|9daefe, jdbcUrl -> jdbc:mysql://localhost:3306/hiber_day04, properties -> {user=******, password=******} ], preferredTestQuery -> null, propertyCycle -> 0, testConnectionOnCheckin -> false, testConnectionOnCheckout -> false, unreturnedConnectionTimeout -> 0, usesTraditionalReflectiveProxies -> false; userOverrides: {} ], dataSourceName -> null, factoryClassLocation -> null, identityToken -> 1hgff9d9q1r2wbkj7i1d2o|10737c8, numHelperThreads -> 3 ]
01:46:30,259  INFO Dialect:136 - Using dialect: org.hibernate.dialect.MySQLDialect
01:46:30,266  INFO JdbcSupportLoader:79 - Disabling contextual LOB creation as JDBC driver reported JDBC version [3] less than 4
01:46:30,266  INFO SettingsFactory:126 - Database ->
       name : MySQL
    version : 5.5.27
      major : 5
      minor : 5
01:46:30,266  INFO SettingsFactory:132 - Driver ->
       name : MySQL-AB JDBC Driver
    version : mysql-connector-java-5.0.8 ( Revision: ${svn.Revision} )
      major : 5
      minor : 0
01:46:30,268  INFO TransactionFactoryFactory:62 - Using default transaction strategy (direct JDBC transactions)
01:46:30,269  INFO TransactionManagerLookupFactory:83 - No TransactionManagerLookup configured (in JTA environment, use of read-write or transactional second-level cache is not recommended)
01:46:30,269  INFO SettingsFactory:179 - Automatic flush during beforeCompletion(): disabled
01:46:30,269  INFO SettingsFactory:183 - Automatic session close at end of transaction: disabled
01:46:30,270  INFO SettingsFactory:190 - JDBC batch size: 15
01:46:30,270  INFO SettingsFactory:193 - JDBC batch updates for versioned data: disabled
01:46:30,270  INFO SettingsFactory:198 - Scrollable result sets: enabled
01:46:30,270  INFO SettingsFactory:206 - JDBC3 getGeneratedKeys(): enabled
01:46:30,270  INFO SettingsFactory:214 - Connection release mode: auto
01:46:30,271  INFO SettingsFactory:238 - Maximum outer join fetch depth: 2
01:46:30,271  INFO SettingsFactory:241 - Default batch fetch size: 1
01:46:30,271  INFO SettingsFactory:245 - Generate SQL with comments: disabled
01:46:30,271  INFO SettingsFactory:249 - Order SQL updates by primary key: disabled
01:46:30,271  INFO SettingsFactory:253 - Order SQL inserts for batching: disabled
01:46:30,272  INFO SettingsFactory:431 - Query translator: org.hibernate.hql.ast.ASTQueryTranslatorFactory
01:46:30,273  INFO ASTQueryTranslatorFactory:47 - Using ASTQueryTranslatorFactory
01:46:30,273  INFO SettingsFactory:261 - Query language substitutions: {}
01:46:30,273  INFO SettingsFactory:266 - JPA-QL strict compliance: disabled
01:46:30,273  INFO SettingsFactory:271 - Second-level cache: enabled
01:46:30,273  INFO SettingsFactory:275 - Query cache: disabled
01:46:30,273  INFO SettingsFactory:406 - Cache region factory : org.hibernate.cache.impl.NoCachingRegionFactory
01:46:30,274  INFO SettingsFactory:285 - Optimize cache for minimal puts: disabled
01:46:30,274  INFO SettingsFactory:294 - Structured second-level cache entries: disabled
01:46:30,277  INFO SettingsFactory:314 - Echoing all SQL to stdout
01:46:30,277  INFO SettingsFactory:323 - Statistics: disabled
01:46:30,278  INFO SettingsFactory:327 - Deleted entity synthetic identifier rollback: disabled
01:46:30,278  INFO SettingsFactory:343 - Default entity-mode: pojo
01:46:30,278  INFO SettingsFactory:347 - Named query checking : enabled
01:46:30,278  INFO SettingsFactory:351 - Check Nullability in Core (should be disabled when Bean Validation is on): enabled
01:46:30,290  INFO SessionFactoryImpl:202 - building session factory
01:46:30,294  INFO BasicTypeRegistry:150 - Type registration [materialized_clob] overrides previous : org.hibernate.type.MaterializedClobType@14a5754
01:46:30,294  INFO BasicTypeRegistry:150 - Type registration [blob] overrides previous : org.hibernate.type.BlobType@1ab7891
01:46:30,294  INFO BasicTypeRegistry:150 - Type registration [java.sql.Blob] overrides previous : org.hibernate.type.BlobType@1ab7891
01:46:30,295  INFO BasicTypeRegistry:150 - Type registration [wrapper_characters_clob] overrides previous : org.hibernate.type.CharacterArrayClobType@78a17a
01:46:30,295  INFO BasicTypeRegistry:150 - Type registration [clob] overrides previous : org.hibernate.type.ClobType@1b179dc
01:46:30,295  INFO BasicTypeRegistry:150 - Type registration [java.sql.Clob] overrides previous : org.hibernate.type.ClobType@1b179dc
01:46:30,295  INFO BasicTypeRegistry:150 - Type registration [characters_clob] overrides previous : org.hibernate.type.PrimitiveCharacterArrayClobType@b76ac5
01:46:30,295  INFO BasicTypeRegistry:150 - Type registration [wrapper_materialized_blob] overrides previous : org.hibernate.type.WrappedMaterializedBlobType@1c2caa7
01:46:30,295  INFO BasicTypeRegistry:150 - Type registration [materialized_blob] overrides previous : org.hibernate.type.MaterializedBlobType@186b169
01:46:30,465  INFO SessionFactoryObjectFactory:105 - Not binding factory to JNDI, no JNDI name configured
01:46:30,469  INFO SchemaUpdate:155 - Running hbm2ddl schema update
01:46:30,469  INFO SchemaUpdate:167 - fetching database metadata
01:46:30,473  INFO SchemaUpdate:179 - updating schema
01:46:30,482  INFO DatabaseMetadata:119 - table not found: t_customer
01:46:30,483  INFO DatabaseMetadata:119 - table not found: t_order
01:46:30,484  INFO DatabaseMetadata:119 - table not found: t_customer
01:46:30,485  INFO DatabaseMetadata:119 - table not found: t_order
01:46:31,024  INFO SchemaUpdate:217 - schema update complete
01:46:31,138  INFO SessionFactoryImpl:927 - closing
01:46:49,514  INFO Version:37 - Hibernate Commons Annotations 3.2.0.Final
01:46:49,521  INFO Environment:603 - Hibernate 3.6.10.Final
01:46:49,522  INFO Environment:636 - hibernate.properties not found
01:46:49,525  INFO Environment:814 - Bytecode provider name : javassist
01:46:49,527  INFO Environment:695 - using JDK 1.4 java.sql.Timestamp handling
01:46:49,579  INFO Configuration:2156 - configuring from resource: /hibernate.cfg.xml
01:46:49,579  INFO Configuration:2175 - Configuration resource: /hibernate.cfg.xml
01:46:49,639  INFO Configuration:789 - Reading mappings from resource : com/domain/Customer.hbm.xml
01:46:49,681  INFO Configuration:789 - Reading mappings from resource : com/domain/Order.hbm.xml
01:46:49,700  INFO Configuration:2297 - Configured SessionFactory: null
01:46:49,753  INFO HbmBinder:353 - Mapping class: com.domain.Customer -> t_customer
01:46:49,778  INFO HbmBinder:353 - Mapping class: com.domain.Order -> t_order
01:46:49,783  INFO HbmBinder:2508 - Mapping collection: com.domain.Customer.orders -> t_order
01:46:49,784  INFO Configuration:1676 - Hibernate Validator not found: ignoring
01:46:49,788  INFO HibernateSearchEventListenerRegister:75 - Unable to find org.hibernate.search.event.FullTextIndexEventListener on the classpath. Hibernate Search is not enabled.
01:46:49,792  INFO ConnectionProviderFactory:173 - Initializing connection provider: org.hibernate.connection.C3P0ConnectionProvider
01:46:49,794  INFO C3P0ConnectionProvider:103 - C3P0 using driver: com.mysql.jdbc.Driver at URL: jdbc:mysql://localhost:3306/hiber_day04
01:46:49,794  INFO C3P0ConnectionProvider:104 - Connection properties: {user=root, password=****}
01:46:49,794  INFO C3P0ConnectionProvider:107 - autocommit mode: false
01:46:49,807  INFO MLog:80 - MLog clients using log4j logging.
01:46:49,982  INFO C3P0Registry:204 - Initializing c3p0-0.9.1.2 [built 21-May-2007 15:04:56; debug? true; trace: 10]
01:46:50,040  INFO AbstractPoolBackedDataSource:462 - Initializing c3p0 pool... com.mchange.v2.c3p0.PoolBackedDataSource@5438c5cc [ connectionPoolDataSource -> com.mchange.v2.c3p0.WrapperConnectionPoolDataSource@53987626 [ acquireIncrement -> 3, acquireRetryAttempts -> 30, acquireRetryDelay -> 1000, autoCommitOnClose -> false, automaticTestTable -> null, breakAfterAcquireFailure -> false, checkoutTimeout -> 0, connectionCustomizerClassName -> null, connectionTesterClassName -> com.mchange.v2.c3p0.impl.DefaultConnectionTester, debugUnreturnedConnectionStackTraces -> false, factoryClassLocation -> null, forceIgnoreUnresolvedTransactions -> false, identityToken -> 1hgff9d9q1r2wqy5mx6erg|17347df, idleConnectionTestPeriod -> 0, initialPoolSize -> 2, maxAdministrativeTaskTime -> 0, maxConnectionAge -> 0, maxIdleTime -> 0, maxIdleTimeExcessConnections -> 0, maxPoolSize -> 5, maxStatements -> 0, maxStatementsPerConnection -> 0, minPoolSize -> 2, nestedDataSource -> com.mchange.v2.c3p0.DriverManagerDataSource@50d181b6 [ description -> null, driverClass -> null, factoryClassLocation -> null, identityToken -> 1hgff9d9q1r2wqy5mx6erg|17da7f4, jdbcUrl -> jdbc:mysql://localhost:3306/hiber_day04, properties -> {user=******, password=******} ], preferredTestQuery -> null, propertyCycle -> 0, testConnectionOnCheckin -> false, testConnectionOnCheckout -> false, unreturnedConnectionTimeout -> 0, usesTraditionalReflectiveProxies -> false; userOverrides: {} ], dataSourceName -> null, factoryClassLocation -> null, identityToken -> 1hgff9d9q1r2wqy5mx6erg|15deb5d, numHelperThreads -> 3 ]
01:46:50,233  INFO Dialect:136 - Using dialect: org.hibernate.dialect.MySQLDialect
01:46:50,239  INFO JdbcSupportLoader:79 - Disabling contextual LOB creation as JDBC driver reported JDBC version [3] less than 4
01:46:50,240  INFO SettingsFactory:126 - Database ->
       name : MySQL
    version : 5.5.27
      major : 5
      minor : 5
01:46:50,240  INFO SettingsFactory:132 - Driver ->
       name : MySQL-AB JDBC Driver
    version : mysql-connector-java-5.0.8 ( Revision: ${svn.Revision} )
      major : 5
      minor : 0
01:46:50,241  INFO TransactionFactoryFactory:62 - Using default transaction strategy (direct JDBC transactions)
01:46:50,242  INFO TransactionManagerLookupFactory:83 - No TransactionManagerLookup configured (in JTA environment, use of read-write or transactional second-level cache is not recommended)
01:46:50,243  INFO SettingsFactory:179 - Automatic flush during beforeCompletion(): disabled
01:46:50,243  INFO SettingsFactory:183 - Automatic session close at end of transaction: disabled
01:46:50,243  INFO SettingsFactory:190 - JDBC batch size: 15
01:46:50,243  INFO SettingsFactory:193 - JDBC batch updates for versioned data: disabled
01:46:50,244  INFO SettingsFactory:198 - Scrollable result sets: enabled
01:46:50,244  INFO SettingsFactory:206 - JDBC3 getGeneratedKeys(): enabled
01:46:50,244  INFO SettingsFactory:214 - Connection release mode: auto
01:46:50,244  INFO SettingsFactory:238 - Maximum outer join fetch depth: 2
01:46:50,245  INFO SettingsFactory:241 - Default batch fetch size: 1
01:46:50,245  INFO SettingsFactory:245 - Generate SQL with comments: disabled
01:46:50,245  INFO SettingsFactory:249 - Order SQL updates by primary key: disabled
01:46:50,245  INFO SettingsFactory:253 - Order SQL inserts for batching: disabled
01:46:50,245  INFO SettingsFactory:431 - Query translator: org.hibernate.hql.ast.ASTQueryTranslatorFactory
01:46:50,246  INFO ASTQueryTranslatorFactory:47 - Using ASTQueryTranslatorFactory
01:46:50,246  INFO SettingsFactory:261 - Query language substitutions: {}
01:46:50,247  INFO SettingsFactory:266 - JPA-QL strict compliance: disabled
01:46:50,247  INFO SettingsFactory:271 - Second-level cache: enabled
01:46:50,247  INFO SettingsFactory:275 - Query cache: disabled
01:46:50,247  INFO SettingsFactory:406 - Cache region factory : org.hibernate.cache.impl.NoCachingRegionFactory
01:46:50,248  INFO SettingsFactory:285 - Optimize cache for minimal puts: disabled
01:46:50,248  INFO SettingsFactory:294 - Structured second-level cache entries: disabled
01:46:50,251  INFO SettingsFactory:314 - Echoing all SQL to stdout
01:46:50,252  INFO SettingsFactory:323 - Statistics: disabled
01:46:50,252  INFO SettingsFactory:327 - Deleted entity synthetic identifier rollback: disabled
01:46:50,252  INFO SettingsFactory:343 - Default entity-mode: pojo
01:46:50,252  INFO SettingsFactory:347 - Named query checking : enabled
01:46:50,252  INFO SettingsFactory:351 - Check Nullability in Core (should be disabled when Bean Validation is on): enabled
01:46:50,265  INFO SessionFactoryImpl:202 - building session factory
01:46:50,269  INFO BasicTypeRegistry:150 - Type registration [materialized_blob] overrides previous : org.hibernate.type.MaterializedBlobType@c6a013
01:46:50,269  INFO BasicTypeRegistry:150 - Type registration [blob] overrides previous : org.hibernate.type.BlobType@37806b
01:46:50,269  INFO BasicTypeRegistry:150 - Type registration [java.sql.Blob] overrides previous : org.hibernate.type.BlobType@37806b
01:46:50,270  INFO BasicTypeRegistry:150 - Type registration [clob] overrides previous : org.hibernate.type.ClobType@1d00259
01:46:50,270  INFO BasicTypeRegistry:150 - Type registration [java.sql.Clob] overrides previous : org.hibernate.type.ClobType@1d00259
01:46:50,270  INFO BasicTypeRegistry:150 - Type registration [characters_clob] overrides previous : org.hibernate.type.PrimitiveCharacterArrayClobType@14a5754
01:46:50,270  INFO BasicTypeRegistry:150 - Type registration [wrapper_characters_clob] overrides previous : org.hibernate.type.CharacterArrayClobType@1ab7891
01:46:50,270  INFO BasicTypeRegistry:150 - Type registration [materialized_clob] overrides previous : org.hibernate.type.MaterializedClobType@78a17a
01:46:50,270  INFO BasicTypeRegistry:150 - Type registration [wrapper_materialized_blob] overrides previous : org.hibernate.type.WrappedMaterializedBlobType@1b179dc
01:46:50,415  INFO SessionFactoryObjectFactory:105 - Not binding factory to JNDI, no JNDI name configured
01:46:50,419  INFO SchemaUpdate:155 - Running hbm2ddl schema update
01:46:50,420  INFO SchemaUpdate:167 - fetching database metadata
01:46:50,423  INFO SchemaUpdate:179 - updating schema
01:46:50,443  INFO TableMetadata:65 - table found: hiber_day04.t_customer
01:46:50,443  INFO TableMetadata:66 - columns: [id, name]
01:46:50,443  INFO TableMetadata:68 - foreign keys: []
01:46:50,443  INFO TableMetadata:69 - indexes: [primary]
01:46:50,449  INFO TableMetadata:65 - table found: hiber_day04.t_order
01:46:50,449  INFO TableMetadata:66 - columns: [id, name, cid]
01:46:50,450  INFO TableMetadata:68 - foreign keys: [fka0c0c3c3fb4cdc39]
01:46:50,450  INFO TableMetadata:69 - indexes: [fka0c0c3c3fb4cdc39, primary]
01:46:50,450  INFO SchemaUpdate:217 - schema update complete
01:46:50,646  INFO SessionFactoryImpl:927 - closing
