01:19:23,530  INFO Version:37 - Hibernate Commons Annotations 3.2.0.Final
01:19:23,538  INFO Environment:603 - Hibernate 3.6.10.Final
01:19:23,540  INFO Environment:636 - hibernate.properties not found
01:19:23,542  INFO Environment:814 - Bytecode provider name : javassist
01:19:23,545  INFO Environment:695 - using JDK 1.4 java.sql.Timestamp handling
01:19:23,597  INFO Configuration:2156 - configuring from resource: /hibernate.cfg.xml
01:19:23,597  INFO Configuration:2175 - Configuration resource: /hibernate.cfg.xml
01:19:23,656  INFO Configuration:2297 - Configured SessionFactory: null
01:19:23,688  INFO Configuration:1676 - Hibernate Validator not found: ignoring
01:19:23,692  INFO HibernateSearchEventListenerRegister:75 - Unable to find org.hibernate.search.event.FullTextIndexEventListener on the classpath. Hibernate Search is not enabled.
01:19:23,695  INFO ConnectionProviderFactory:173 - Initializing connection provider: org.hibernate.connection.C3P0ConnectionProvider
01:19:23,696  INFO C3P0ConnectionProvider:103 - C3P0 using driver: com.mysql.jdbc.Driver at URL: jdbc:mysql://localhost:3306/hiber_day04
01:19:23,696  INFO C3P0ConnectionProvider:104 - Connection properties: {user=root, password=****}
01:19:23,696  INFO C3P0ConnectionProvider:107 - autocommit mode: false
01:19:23,711  INFO MLog:80 - MLog clients using log4j logging.
01:19:23,858  INFO C3P0Registry:204 - Initializing c3p0-0.9.1.2 [built 21-May-2007 15:04:56; debug? true; trace: 10]
01:19:23,915  INFO AbstractPoolBackedDataSource:462 - Initializing c3p0 pool... com.mchange.v2.c3p0.PoolBackedDataSource@b873dd11 [ connectionPoolDataSource -> com.mchange.v2.c3p0.WrapperConnectionPoolDataSource@b25bc20d [ acquireIncrement -> 3, acquireRetryAttempts -> 30, acquireRetryDelay -> 1000, autoCommitOnClose -> false, automaticTestTable -> null, breakAfterAcquireFailure -> false, checkoutTimeout -> 0, connectionCustomizerClassName -> null, connectionTesterClassName -> com.mchange.v2.c3p0.impl.DefaultConnectionTester, debugUnreturnedConnectionStackTraces -> false, factoryClassLocation -> null, forceIgnoreUnresolvedTransactions -> false, identityToken -> 1hgff9d9q1r1xgta1qra08u|cce1b1, idleConnectionTestPeriod -> 0, initialPoolSize -> 2, maxAdministrativeTaskTime -> 0, maxConnectionAge -> 0, maxIdleTime -> 0, maxIdleTimeExcessConnections -> 0, maxPoolSize -> 5, maxStatements -> 0, maxStatementsPerConnection -> 0, minPoolSize -> 2, nestedDataSource -> com.mchange.v2.c3p0.DriverManagerDataSource@f3e0e995 [ description -> null, driverClass -> null, factoryClassLocation -> null, identityToken -> 1hgff9d9q1r1xgta1qra08u|1a8e59b, jdbcUrl -> jdbc:mysql://localhost:3306/hiber_day04, properties -> {user=******, password=******} ], preferredTestQuery -> null, propertyCycle -> 0, testConnectionOnCheckin -> false, testConnectionOnCheckout -> false, unreturnedConnectionTimeout -> 0, usesTraditionalReflectiveProxies -> false; userOverrides: {} ], dataSourceName -> null, factoryClassLocation -> null, identityToken -> 1hgff9d9q1r1xgta1qra08u|a40279, numHelperThreads -> 3 ]
01:19:24,101  INFO Dialect:136 - Using dialect: org.hibernate.dialect.MySQLDialect
01:19:24,107  INFO JdbcSupportLoader:79 - Disabling contextual LOB creation as JDBC driver reported JDBC version [3] less than 4
01:19:24,108  INFO SettingsFactory:126 - Database ->
       name : MySQL
    version : 5.5.27
      major : 5
      minor : 5
01:19:24,108  INFO SettingsFactory:132 - Driver ->
       name : MySQL-AB JDBC Driver
    version : mysql-connector-java-5.0.8 ( Revision: ${svn.Revision} )
      major : 5
      minor : 0
01:19:24,110  INFO TransactionFactoryFactory:62 - Using default transaction strategy (direct JDBC transactions)
01:19:24,111  INFO TransactionManagerLookupFactory:83 - No TransactionManagerLookup configured (in JTA environment, use of read-write or transactional second-level cache is not recommended)
01:19:24,111  INFO SettingsFactory:179 - Automatic flush during beforeCompletion(): disabled
01:19:24,111  INFO SettingsFactory:183 - Automatic session close at end of transaction: disabled
01:19:24,112  INFO SettingsFactory:190 - JDBC batch size: 15
01:19:24,112  INFO SettingsFactory:193 - JDBC batch updates for versioned data: disabled
01:19:24,112  INFO SettingsFactory:198 - Scrollable result sets: enabled
01:19:24,112  INFO SettingsFactory:206 - JDBC3 getGeneratedKeys(): enabled
01:19:24,112  INFO SettingsFactory:214 - Connection release mode: auto
01:19:24,113  INFO SettingsFactory:238 - Maximum outer join fetch depth: 2
01:19:24,113  INFO SettingsFactory:241 - Default batch fetch size: 1
01:19:24,113  INFO SettingsFactory:245 - Generate SQL with comments: disabled
01:19:24,113  INFO SettingsFactory:249 - Order SQL updates by primary key: disabled
01:19:24,114  INFO SettingsFactory:253 - Order SQL inserts for batching: disabled
01:19:24,114  INFO SettingsFactory:431 - Query translator: org.hibernate.hql.ast.ASTQueryTranslatorFactory
01:19:24,115  INFO ASTQueryTranslatorFactory:47 - Using ASTQueryTranslatorFactory
01:19:24,115  INFO SettingsFactory:261 - Query language substitutions: {}
01:19:24,115  INFO SettingsFactory:266 - JPA-QL strict compliance: disabled
01:19:24,115  INFO SettingsFactory:271 - Second-level cache: enabled
01:19:24,116  INFO SettingsFactory:275 - Query cache: disabled
01:19:24,116  INFO SettingsFactory:406 - Cache region factory : org.hibernate.cache.impl.NoCachingRegionFactory
01:19:24,116  INFO SettingsFactory:285 - Optimize cache for minimal puts: disabled
01:19:24,117  INFO SettingsFactory:294 - Structured second-level cache entries: disabled
01:19:24,119  INFO SettingsFactory:314 - Echoing all SQL to stdout
01:19:24,120  INFO SettingsFactory:323 - Statistics: disabled
01:19:24,120  INFO SettingsFactory:327 - Deleted entity synthetic identifier rollback: disabled
01:19:24,120  INFO SettingsFactory:343 - Default entity-mode: pojo
01:19:24,120  INFO SettingsFactory:347 - Named query checking : enabled
01:19:24,120  INFO SettingsFactory:351 - Check Nullability in Core (should be disabled when Bean Validation is on): enabled
01:19:24,136  INFO SessionFactoryImpl:202 - building session factory
01:19:24,141  INFO BasicTypeRegistry:150 - Type registration [materialized_blob] overrides previous : org.hibernate.type.MaterializedBlobType@4dbba7
01:19:24,141  INFO BasicTypeRegistry:150 - Type registration [clob] overrides previous : org.hibernate.type.ClobType@15add68
01:19:24,141  INFO BasicTypeRegistry:150 - Type registration [java.sql.Clob] overrides previous : org.hibernate.type.ClobType@15add68
01:19:24,141  INFO BasicTypeRegistry:150 - Type registration [materialized_clob] overrides previous : org.hibernate.type.MaterializedClobType@7de2d2
01:19:24,141  INFO BasicTypeRegistry:150 - Type registration [blob] overrides previous : org.hibernate.type.BlobType@b67140
01:19:24,141  INFO BasicTypeRegistry:150 - Type registration [java.sql.Blob] overrides previous : org.hibernate.type.BlobType@b67140
01:19:24,141  INFO BasicTypeRegistry:150 - Type registration [wrapper_materialized_blob] overrides previous : org.hibernate.type.WrappedMaterializedBlobType@1c536a8
01:19:24,142  INFO BasicTypeRegistry:150 - Type registration [characters_clob] overrides previous : org.hibernate.type.PrimitiveCharacterArrayClobType@876818
01:19:24,142  INFO BasicTypeRegistry:150 - Type registration [wrapper_characters_clob] overrides previous : org.hibernate.type.CharacterArrayClobType@1c31eb3
01:19:24,151  INFO SessionFactoryObjectFactory:105 - Not binding factory to JNDI, no JNDI name configured
01:19:24,155  INFO SchemaUpdate:155 - Running hbm2ddl schema update
01:19:24,156  INFO SchemaUpdate:167 - fetching database metadata
01:19:24,159  INFO SchemaUpdate:179 - updating schema
01:19:24,161  INFO SchemaUpdate:217 - schema update complete
01:19:24,200  INFO SessionFactoryImpl:927 - closing
01:21:16,069  INFO Version:37 - Hibernate Commons Annotations 3.2.0.Final
01:21:16,075  INFO Environment:603 - Hibernate 3.6.10.Final
01:21:16,076  INFO Environment:636 - hibernate.properties not found
01:21:16,078  INFO Environment:814 - Bytecode provider name : javassist
01:21:16,082  INFO Environment:695 - using JDK 1.4 java.sql.Timestamp handling
01:21:16,134  INFO Configuration:2156 - configuring from resource: /hibernate.cfg.xml
01:21:16,134  INFO Configuration:2175 - Configuration resource: /hibernate.cfg.xml
01:21:16,190  INFO Configuration:2297 - Configured SessionFactory: null
01:21:16,220  INFO Configuration:1676 - Hibernate Validator not found: ignoring
01:21:16,227  INFO HibernateSearchEventListenerRegister:75 - Unable to find org.hibernate.search.event.FullTextIndexEventListener on the classpath. Hibernate Search is not enabled.
01:21:16,229  INFO ConnectionProviderFactory:173 - Initializing connection provider: org.hibernate.connection.C3P0ConnectionProvider
01:21:16,230  INFO C3P0ConnectionProvider:103 - C3P0 using driver: com.mysql.jdbc.Driver at URL: jdbc:mysql://localhost:3306/hiber_day04
01:21:16,230  INFO C3P0ConnectionProvider:104 - Connection properties: {user=root, password=****}
01:21:16,230  INFO C3P0ConnectionProvider:107 - autocommit mode: false
01:21:16,246  INFO MLog:80 - MLog clients using log4j logging.
01:21:16,370  INFO C3P0Registry:204 - Initializing c3p0-0.9.1.2 [built 21-May-2007 15:04:56; debug? true; trace: 10]
01:21:16,429  INFO AbstractPoolBackedDataSource:462 - Initializing c3p0 pool... com.mchange.v2.c3p0.PoolBackedDataSource@9303ae3f [ connectionPoolDataSource -> com.mchange.v2.c3p0.WrapperConnectionPoolDataSource@3ab6e3f9 [ acquireIncrement -> 3, acquireRetryAttempts -> 30, acquireRetryDelay -> 1000, autoCommitOnClose -> false, automaticTestTable -> null, breakAfterAcquireFailure -> false, checkoutTimeout -> 0, connectionCustomizerClassName -> null, connectionTesterClassName -> com.mchange.v2.c3p0.impl.DefaultConnectionTester, debugUnreturnedConnectionStackTraces -> false, factoryClassLocation -> null, forceIgnoreUnresolvedTransactions -> false, identityToken -> 1hgff9d9q1r1zvn81iear1m|164b39d, idleConnectionTestPeriod -> 0, initialPoolSize -> 2, maxAdministrativeTaskTime -> 0, maxConnectionAge -> 0, maxIdleTime -> 0, maxIdleTimeExcessConnections -> 0, maxPoolSize -> 5, maxStatements -> 0, maxStatementsPerConnection -> 0, minPoolSize -> 2, nestedDataSource -> com.mchange.v2.c3p0.DriverManagerDataSource@40d932c4 [ description -> null, driverClass -> null, factoryClassLocation -> null, identityToken -> 1hgff9d9q1r1zvn81iear1m|11a4c5e, jdbcUrl -> jdbc:mysql://localhost:3306/hiber_day04, properties -> {user=******, password=******} ], preferredTestQuery -> null, propertyCycle -> 0, testConnectionOnCheckin -> false, testConnectionOnCheckout -> false, unreturnedConnectionTimeout -> 0, usesTraditionalReflectiveProxies -> false; userOverrides: {} ], dataSourceName -> null, factoryClassLocation -> null, identityToken -> 1hgff9d9q1r1zvn81iear1m|837986, numHelperThreads -> 3 ]
01:21:16,616  INFO Dialect:136 - Using dialect: org.hibernate.dialect.MySQLDialect
01:21:16,623  INFO JdbcSupportLoader:79 - Disabling contextual LOB creation as JDBC driver reported JDBC version [3] less than 4
01:21:16,623  INFO SettingsFactory:126 - Database ->
       name : MySQL
    version : 5.5.27
      major : 5
      minor : 5
01:21:16,623  INFO SettingsFactory:132 - Driver ->
       name : MySQL-AB JDBC Driver
    version : mysql-connector-java-5.0.8 ( Revision: ${svn.Revision} )
      major : 5
      minor : 0
01:21:16,625  INFO TransactionFactoryFactory:62 - Using default transaction strategy (direct JDBC transactions)
01:21:16,626  INFO TransactionManagerLookupFactory:83 - No TransactionManagerLookup configured (in JTA environment, use of read-write or transactional second-level cache is not recommended)
01:21:16,626  INFO SettingsFactory:179 - Automatic flush during beforeCompletion(): disabled
01:21:16,626  INFO SettingsFactory:183 - Automatic session close at end of transaction: disabled
01:21:16,626  INFO SettingsFactory:190 - JDBC batch size: 15
01:21:16,626  INFO SettingsFactory:193 - JDBC batch updates for versioned data: disabled
01:21:16,627  INFO SettingsFactory:198 - Scrollable result sets: enabled
01:21:16,627  INFO SettingsFactory:206 - JDBC3 getGeneratedKeys(): enabled
01:21:16,627  INFO SettingsFactory:214 - Connection release mode: auto
01:21:16,627  INFO SettingsFactory:238 - Maximum outer join fetch depth: 2
01:21:16,628  INFO SettingsFactory:241 - Default batch fetch size: 1
01:21:16,628  INFO SettingsFactory:245 - Generate SQL with comments: disabled
01:21:16,628  INFO SettingsFactory:249 - Order SQL updates by primary key: disabled
01:21:16,628  INFO SettingsFactory:253 - Order SQL inserts for batching: disabled
01:21:16,628  INFO SettingsFactory:431 - Query translator: org.hibernate.hql.ast.ASTQueryTranslatorFactory
01:21:16,629  INFO ASTQueryTranslatorFactory:47 - Using ASTQueryTranslatorFactory
01:21:16,629  INFO SettingsFactory:261 - Query language substitutions: {}
01:21:16,629  INFO SettingsFactory:266 - JPA-QL strict compliance: disabled
01:21:16,629  INFO SettingsFactory:271 - Second-level cache: enabled
01:21:16,630  INFO SettingsFactory:275 - Query cache: disabled
01:21:16,630  INFO SettingsFactory:406 - Cache region factory : org.hibernate.cache.impl.NoCachingRegionFactory
01:21:16,630  INFO SettingsFactory:285 - Optimize cache for minimal puts: disabled
01:21:16,630  INFO SettingsFactory:294 - Structured second-level cache entries: disabled
01:21:16,633  INFO SettingsFactory:314 - Echoing all SQL to stdout
01:21:16,633  INFO SettingsFactory:323 - Statistics: disabled
01:21:16,634  INFO SettingsFactory:327 - Deleted entity synthetic identifier rollback: disabled
01:21:16,634  INFO SettingsFactory:343 - Default entity-mode: pojo
01:21:16,634  INFO SettingsFactory:347 - Named query checking : enabled
01:21:16,634  INFO SettingsFactory:351 - Check Nullability in Core (should be disabled when Bean Validation is on): enabled
01:21:16,649  INFO SessionFactoryImpl:202 - building session factory
01:21:16,654  INFO BasicTypeRegistry:150 - Type registration [characters_clob] overrides previous : org.hibernate.type.PrimitiveCharacterArrayClobType@b4a360
01:21:16,654  INFO BasicTypeRegistry:150 - Type registration [wrapper_characters_clob] overrides previous : org.hibernate.type.CharacterArrayClobType@1521f12
01:21:16,654  INFO BasicTypeRegistry:150 - Type registration [materialized_blob] overrides previous : org.hibernate.type.MaterializedBlobType@75e6ce
01:21:16,654  INFO BasicTypeRegistry:150 - Type registration [wrapper_materialized_blob] overrides previous : org.hibernate.type.WrappedMaterializedBlobType@84038c
01:21:16,654  INFO BasicTypeRegistry:150 - Type registration [clob] overrides previous : org.hibernate.type.ClobType@104f743
01:21:16,654  INFO BasicTypeRegistry:150 - Type registration [java.sql.Clob] overrides previous : org.hibernate.type.ClobType@104f743
01:21:16,655  INFO BasicTypeRegistry:150 - Type registration [blob] overrides previous : org.hibernate.type.BlobType@1057422
01:21:16,655  INFO BasicTypeRegistry:150 - Type registration [java.sql.Blob] overrides previous : org.hibernate.type.BlobType@1057422
01:21:16,655  INFO BasicTypeRegistry:150 - Type registration [materialized_clob] overrides previous : org.hibernate.type.MaterializedClobType@10b6ffc
01:21:16,664  INFO SessionFactoryObjectFactory:105 - Not binding factory to JNDI, no JNDI name configured
01:21:16,668  INFO SchemaUpdate:155 - Running hbm2ddl schema update
01:21:16,668  INFO SchemaUpdate:167 - fetching database metadata
01:21:16,671  INFO SchemaUpdate:179 - updating schema
01:21:16,672  INFO SchemaUpdate:217 - schema update complete
01:21:16,711  INFO SessionFactoryImpl:927 - closing
